[2026-02-03 04:22:18] local.ERROR: PHP Parse error: Syntax error, unexpected ')' on line 1 {"exception":"[object] (Psy\\Exception\\ParseErrorException(code: 0): PHP Parse error: Syntax error, unexpected ')' on line 1 at D:/laragon/www/arsipdesa/arsipdesa/vendor/psy/psysh/src/Exception/ParseErrorException.php:44)
[stacktrace]
#0 D:/laragon/www/arsipdesa/arsipdesa/vendor/psy/psysh/src/CodeCleaner.php(488): Psy/Exception/ParseErrorException::fromParseError(Object(PhpParser/Error))
#1 D:/laragon/www/arsipdesa/arsipdesa/vendor/psy/psysh/src/CodeCleaner.php(269): Psy/CodeCleaner->parse('<?php foreach(A...', false)
#2 D:/laragon/www/arsipdesa/arsipdesa/vendor/psy/psysh/src/Shell.php(1057): Psy/CodeCleaner->clean(Array, false)
#3 D:/laragon/www/arsipdesa/arsipdesa/vendor/psy/psysh/src/Shell.php(1090): Psy/Shell->addCode('foreach(App//Mod...', true)
#4 D:/laragon/www/arsipdesa/arsipdesa/vendor/psy/psysh/src/Shell.php(1638): Psy/Shell->setCode('foreach(App//Mod...', true)
#5 D:/laragon/www/arsipdesa/arsipdesa/vendor/laravel/tinker/src/Console/TinkerCommand.php(76): Psy/Shell->execute('foreach(App//Mod...')
#6 D:/laragon/www/arsipdesa/arsipdesa/vendor/laravel/framework/src/Illuminate/Container/BoundMethod.php(36): Laravel/Tinker/Console/TinkerCommand->handle()
#7 D:/laragon/www/arsipdesa/arsipdesa/vendor/laravel/framework/src/Illuminate/Container/Util.php(43): Illuminate/Container/BoundMethod::{closure:Illuminate/Container/BoundMethod::call():35}()
#8 D:/laragon/www/arsipdesa/arsipdesa/vendor/laravel/framework/src/Illuminate/Container/BoundMethod.php(96): Illuminate/Container/Util::unwrapIfClosure(Object(Closure))
#9 D:/laragon/www/arsipdesa/arsipdesa/vendor/laravel/framework/src/Illuminate/Container/BoundMethod.php(35): Illuminate/Container/BoundMethod::callBoundMethod(Object(Illuminate/Foundation/Application), Array, Object(Closure))
#10 D:/laragon/www/arsipdesa/arsipdesa/vendor/laravel/framework/src/Illuminate/Container/Container.php(799): Illuminate/Container/BoundMethod::call(Object(Illuminate/Foundation/Application), Array, Array, NULL)
#11 D:/laragon/www/arsipdesa/arsipdesa/vendor/laravel/framework/src/Illuminate/Console/Command.php(211): Illuminate/Container/Container->call(Array)
#12 D:/laragon/www/arsipdesa/arsipdesa/vendor/symfony/console/Command/Command.php(341): Illuminate/Console/Command->execute(Object(Symfony/Component/Console/Input/ArgvInput), Object(Illuminate/Console/OutputStyle))
#13 D:/laragon/www/arsipdesa/arsipdesa/vendor/laravel/framework/src/Illuminate/Console/Command.php(180): Symfony/Component/Console/Command/Command->run(Object(Symfony/Component/Console/Input/ArgvInput), Object(Illuminate/Console/OutputStyle))
#14 D:/laragon/www/arsipdesa/arsipdesa/vendor/symfony/console/Application.php(1102): Illuminate/Console/Command->run(Object(Symfony/Component/Console/Input/ArgvInput), Object(Symfony/Component/Console/Output/ConsoleOutput))
#15 D:/laragon/www/arsipdesa/arsipdesa/vendor/symfony/console/Application.php(356): Symfony/Component/Console/Application->doRunCommand(Object(Laravel/Tinker/Console/TinkerCommand), Object(Symfony/Component/Console/Input/ArgvInput), Object(Symfony/Component/Console/Output/ConsoleOutput))
#16 D:/laragon/www/arsipdesa/arsipdesa/vendor/symfony/console/Application.php(195): Symfony/Component/Console/Application->doRun(Object(Symfony/Component/Console/Input/ArgvInput), Object(Symfony/Component/Console/Output/ConsoleOutput))
#17 D:/laragon/www/arsipdesa/arsipdesa/vendor/laravel/framework/src/Illuminate/Foundation/Console/Kernel.php(198): Symfony/Component/Console/Application->run(Object(Symfony/Component/Console/Input/ArgvInput), Object(Symfony/Component/Console/Output/ConsoleOutput))
#18 D:/laragon/www/arsipdesa/arsipdesa/vendor/laravel/framework/src/Illuminate/Foundation/Application.php(1235): Illuminate/Foundation/Console/Kernel->handle(Object(Symfony/Component/Console/Input/ArgvInput), Object(Symfony/Component/Console/Output/ConsoleOutput))
#19 D:/laragon/www/arsipdesa/arsipdesa/artisan(16): Illuminate/Foundation/Application->handleCommand(Object(Symfony/Component/Console/Input/ArgvInput))
#20 {main}
"} 
[2026-02-03 04:22:32] local.ERROR: PHP Parse error: Syntax error, unexpected ')' on line 1 {"exception":"[object] (Psy\\Exception\\ParseErrorException(code: 0): PHP Parse error: Syntax error, unexpected ')' on line 1 at D:/laragon/www/arsipdesa/arsipdesa/vendor/psy/psysh/src/Exception/ParseErrorException.php:44)
[stacktrace]
#0 D:/laragon/www/arsipdesa/arsipdesa/vendor/psy/psysh/src/CodeCleaner.php(488): Psy/Exception/ParseErrorException::fromParseError(Object(PhpParser/Error))
#1 D:/laragon/www/arsipdesa/arsipdesa/vendor/psy/psysh/src/CodeCleaner.php(269): Psy/CodeCleaner->parse('<?php foreach(A...', false)
#2 D:/laragon/www/arsipdesa/arsipdesa/vendor/psy/psysh/src/Shell.php(1057): Psy/CodeCleaner->clean(Array, false)
#3 D:/laragon/www/arsipdesa/arsipdesa/vendor/psy/psysh/src/Shell.php(1090): Psy/Shell->addCode('foreach(App//Mod...', true)
#4 D:/laragon/www/arsipdesa/arsipdesa/vendor/psy/psysh/src/Shell.php(1638): Psy/Shell->setCode('foreach(App//Mod...', true)
#5 D:/laragon/www/arsipdesa/arsipdesa/vendor/laravel/tinker/src/Console/TinkerCommand.php(76): Psy/Shell->execute('foreach(App//Mod...')
#6 D:/laragon/www/arsipdesa/arsipdesa/vendor/laravel/framework/src/Illuminate/Container/BoundMethod.php(36): Laravel/Tinker/Console/TinkerCommand->handle()
#7 D:/laragon/www/arsipdesa/arsipdesa/vendor/laravel/framework/src/Illuminate/Container/Util.php(43): Illuminate/Container/BoundMethod::{closure:Illuminate/Container/BoundMethod::call():35}()
#8 D:/laragon/www/arsipdesa/arsipdesa/vendor/laravel/framework/src/Illuminate/Container/BoundMethod.php(96): Illuminate/Container/Util::unwrapIfClosure(Object(Closure))
#9 D:/laragon/www/arsipdesa/arsipdesa/vendor/laravel/framework/src/Illuminate/Container/BoundMethod.php(35): Illuminate/Container/BoundMethod::callBoundMethod(Object(Illuminate/Foundation/Application), Array, Object(Closure))
#10 D:/laragon/www/arsipdesa/arsipdesa/vendor/laravel/framework/src/Illuminate/Container/Container.php(799): Illuminate/Container/BoundMethod::call(Object(Illuminate/Foundation/Application), Array, Array, NULL)
#11 D:/laragon/www/arsipdesa/arsipdesa/vendor/laravel/framework/src/Illuminate/Console/Command.php(211): Illuminate/Container/Container->call(Array)
#12 D:/laragon/www/arsipdesa/arsipdesa/vendor/symfony/console/Command/Command.php(341): Illuminate/Console/Command->execute(Object(Symfony/Component/Console/Input/ArgvInput), Object(Illuminate/Console/OutputStyle))
#13 D:/laragon/www/arsipdesa/arsipdesa/vendor/laravel/framework/src/Illuminate/Console/Command.php(180): Symfony/Component/Console/Command/Command->run(Object(Symfony/Component/Console/Input/ArgvInput), Object(Illuminate/Console/OutputStyle))
#14 D:/laragon/www/arsipdesa/arsipdesa/vendor/symfony/console/Application.php(1102): Illuminate/Console/Command->run(Object(Symfony/Component/Console/Input/ArgvInput), Object(Symfony/Component/Console/Output/ConsoleOutput))
#15 D:/laragon/www/arsipdesa/arsipdesa/vendor/symfony/console/Application.php(356): Symfony/Component/Console/Application->doRunCommand(Object(Laravel/Tinker/Console/TinkerCommand), Object(Symfony/Component/Console/Input/ArgvInput), Object(Symfony/Component/Console/Output/ConsoleOutput))
#16 D:/laragon/www/arsipdesa/arsipdesa/vendor/symfony/console/Application.php(195): Symfony/Component/Console/Application->doRun(Object(Symfony/Component/Console/Input/ArgvInput), Object(Symfony/Component/Console/Output/ConsoleOutput))
#17 D:/laragon/www/arsipdesa/arsipdesa/vendor/laravel/framework/src/Illuminate/Foundation/Console/Kernel.php(198): Symfony/Component/Console/Application->run(Object(Symfony/Component/Console/Input/ArgvInput), Object(Symfony/Component/Console/Output/ConsoleOutput))
#18 D:/laragon/www/arsipdesa/arsipdesa/vendor/laravel/framework/src/Illuminate/Foundation/Application.php(1235): Illuminate/Foundation/Console/Kernel->handle(Object(Symfony/Component/Console/Input/ArgvInput), Object(Symfony/Component/Console/Output/ConsoleOutput))
#19 D:/laragon/www/arsipdesa/arsipdesa/artisan(16): Illuminate/Foundation/Application->handleCommand(Object(Symfony/Component/Console/Input/ArgvInput))
#20 {main}
"} 
[2026-02-03 04:23:11] local.ERROR: PHP Parse error: Syntax error, unexpected ')' on line 1 {"exception":"[object] (Psy\\Exception\\ParseErrorException(code: 0): PHP Parse error: Syntax error, unexpected ')' on line 1 at D:/laragon/www/arsipdesa/arsipdesa/vendor/psy/psysh/src/Exception/ParseErrorException.php:44)
[stacktrace]
#0 D:/laragon/www/arsipdesa/arsipdesa/vendor/psy/psysh/src/CodeCleaner.php(488): Psy/Exception/ParseErrorException::fromParseError(Object(PhpParser/Error))
#1 D:/laragon/www/arsipdesa/arsipdesa/vendor/psy/psysh/src/CodeCleaner.php(269): Psy/CodeCleaner->parse('<?php foreach(A...', false)
#2 D:/laragon/www/arsipdesa/arsipdesa/vendor/psy/psysh/src/Shell.php(1057): Psy/CodeCleaner->clean(Array, false)
#3 D:/laragon/www/arsipdesa/arsipdesa/vendor/psy/psysh/src/Shell.php(1090): Psy/Shell->addCode('foreach(App//Mod...', true)
#4 D:/laragon/www/arsipdesa/arsipdesa/vendor/psy/psysh/src/Shell.php(1638): Psy/Shell->setCode('foreach(App//Mod...', true)
#5 D:/laragon/www/arsipdesa/arsipdesa/vendor/laravel/tinker/src/Console/TinkerCommand.php(76): Psy/Shell->execute('foreach(App//Mod...')
#6 D:/laragon/www/arsipdesa/arsipdesa/vendor/laravel/framework/src/Illuminate/Container/BoundMethod.php(36): Laravel/Tinker/Console/TinkerCommand->handle()
#7 D:/laragon/www/arsipdesa/arsipdesa/vendor/laravel/framework/src/Illuminate/Container/Util.php(43): Illuminate/Container/BoundMethod::{closure:Illuminate/Container/BoundMethod::call():35}()
#8 D:/laragon/www/arsipdesa/arsipdesa/vendor/laravel/framework/src/Illuminate/Container/BoundMethod.php(96): Illuminate/Container/Util::unwrapIfClosure(Object(Closure))
#9 D:/laragon/www/arsipdesa/arsipdesa/vendor/laravel/framework/src/Illuminate/Container/BoundMethod.php(35): Illuminate/Container/BoundMethod::callBoundMethod(Object(Illuminate/Foundation/Application), Array, Object(Closure))
#10 D:/laragon/www/arsipdesa/arsipdesa/vendor/laravel/framework/src/Illuminate/Container/Container.php(799): Illuminate/Container/BoundMethod::call(Object(Illuminate/Foundation/Application), Array, Array, NULL)
#11 D:/laragon/www/arsipdesa/arsipdesa/vendor/laravel/framework/src/Illuminate/Console/Command.php(211): Illuminate/Container/Container->call(Array)
#12 D:/laragon/www/arsipdesa/arsipdesa/vendor/symfony/console/Command/Command.php(341): Illuminate/Console/Command->execute(Object(Symfony/Component/Console/Input/ArgvInput), Object(Illuminate/Console/OutputStyle))
#13 D:/laragon/www/arsipdesa/arsipdesa/vendor/laravel/framework/src/Illuminate/Console/Command.php(180): Symfony/Component/Console/Command/Command->run(Object(Symfony/Component/Console/Input/ArgvInput), Object(Illuminate/Console/OutputStyle))
#14 D:/laragon/www/arsipdesa/arsipdesa/vendor/symfony/console/Application.php(1102): Illuminate/Console/Command->run(Object(Symfony/Component/Console/Input/ArgvInput), Object(Symfony/Component/Console/Output/ConsoleOutput))
#15 D:/laragon/www/arsipdesa/arsipdesa/vendor/symfony/console/Application.php(356): Symfony/Component/Console/Application->doRunCommand(Object(Laravel/Tinker/Console/TinkerCommand), Object(Symfony/Component/Console/Input/ArgvInput), Object(Symfony/Component/Console/Output/ConsoleOutput))
#16 D:/laragon/www/arsipdesa/arsipdesa/vendor/symfony/console/Application.php(195): Symfony/Component/Console/Application->doRun(Object(Symfony/Component/Console/Input/ArgvInput), Object(Symfony/Component/Console/Output/ConsoleOutput))
#17 D:/laragon/www/arsipdesa/arsipdesa/vendor/laravel/framework/src/Illuminate/Foundation/Console/Kernel.php(198): Symfony/Component/Console/Application->run(Object(Symfony/Component/Console/Input/ArgvInput), Object(Symfony/Component/Console/Output/ConsoleOutput))
#18 D:/laragon/www/arsipdesa/arsipdesa/vendor/laravel/framework/src/Illuminate/Foundation/Application.php(1235): Illuminate/Foundation/Console/Kernel->handle(Object(Symfony/Component/Console/Input/ArgvInput), Object(Symfony/Component/Console/Output/ConsoleOutput))
#19 D:/laragon/www/arsipdesa/arsipdesa/artisan(16): Illuminate/Foundation/Application->handleCommand(Object(Symfony/Component/Console/Input/ArgvInput))
#20 {main}
"} 
